<14:41:33> [WARN] Не определен путь запроса (route) api/index.php[31]
<15:03:27> [WARN] Не найден пользователь "test@test.ru" user/methods.php[23]
<15:05:55> [MSG] Создана дуэль: {
                duel_id:    2, 
                creator_id: 1, 
                duel_data_id: 1
            }
<15:06:08> [MSG] Создана дуэль: {
                duel_id:    3, 
                creator_id: 2, 
                duel_data_id: 2
            }
<15:09:01> [MSG] Удалена дуэль duel_id:2
<15:09:01> [MSG] Игрок uid:1 покинул duel_id:2
<15:09:02> [MSG] Удалена дуэль duel_id:3
<15:09:02> [MSG] Игрок uid:2 покинул duel_id:3
<15:09:08> [MSG] Создана дуэль: {
                duel_id:    4, 
                creator_id: 1, 
                duel_data_id: 1
            }
<15:09:10> [MSG] Подключение к дуэли duel_id:4 uid:2
<15:09:10> [WARN] Дуэль не найдена duel/methods.php[17]
<15:09:17> [MSG] Подключение к дуэли duel_id:4 uid:2
<15:09:17> [WARN] Дуэль не найдена duel/methods.php[17]
<15:15:33> [MSG] Удалена дуэль duel_id:4
<15:15:33> [MSG] Игрок uid:1 покинул duel_id:4
<15:15:48> [MSG] Создана дуэль: {
                duel_id:    5, 
                creator_id: 1, 
                duel_data_id: 1,
                player_order: 0
            }
<15:15:51> [MSG] Подключение к дуэли duel_id:5 uid:2
<15:15:51> [WARN] Дуэль не найдена duel/methods.php[17]
<15:17:08> [MSG] Подключение к дуэли duel_id:5 uid:2
<15:17:08> [WARN] Ошибка изменения состояния дуэли duel/methods.php[116]
<15:18:24> [MSG] Подключение к дуэли duel_id:5 uid:2
<15:19:42> [MSG] Игрок uid:2 покинул duel_id:5
<15:22:01> [MSG] Создана дуэль: {
                duel_id:    6, 
                creator_id: 2, 
                duel_data_id: 3,
                player_order: 0
            }
<15:22:18> [MSG] Удалена дуэль duel_id:5
<15:22:18> [MSG] Игрок uid:1 покинул duel_id:5
<15:22:20> [MSG] Подключение к дуэли duel_id:6 uid:1
<15:22:29> [MSG] Игрок uid:2 покинул duel_id:6
<15:22:35> [MSG] Удалена дуэль duel_id:6
<15:22:35> [MSG] Игрок uid:1 покинул duel_id:6
<15:29:20> [MSG] Создана дуэль: {
                duel_id:    7, 
                creator_id: 1, 
                duel_data_id: 1,
                player_order: 0
            }
<15:29:22> [MSG] Подключение к дуэли duel_id:7 uid:2
<15:47:33> [WARN] Не задан параметр DUEL_ID (duel_id) duel/handler.php[33]
<15:47:52> [WARN] Не задан параметр DUEL_ID (duel_id) duel/handler.php[33]
<15:48:26> [WARN] Ошибка раздачи карт 1 duel/methods.php[418]
<15:48:47> [WARN] Ошибка раздачи карт 1 duel/methods.php[418]
<15:48:48> [WARN] Ошибка раздачи карт 1 duel/methods.php[418]
<15:48:51> [WARN] Ошибка раздачи карт 1 duel/methods.php[418]
<16:09:02> [WARN] Ошибка получения польз. данных дуэли duel/methods.php[528]
<16:09:04> [WARN] Ошибка получения польз. данных дуэли duel/methods.php[528]
<16:12:28> [MSG] 
            SELECT
                order_value, json_cards, users.duel_id
            FROM 
                duel_user_data
            INNER JOIN 
                users
            ON
                duel_user_data.user_id = users.user_id
            WHERE
                user_id = 2
        
<16:12:28> [WARN] Ошибка получения польз. данных дуэли duel/methods.php[541]
<16:16:53> [MSG] Игрок uid:2 покинул duel_id:7
<16:16:58> [MSG] Удалена дуэль duel_id:7
<16:16:58> [MSG] Игрок uid:1 покинул duel_id:7
<16:17:16> [MSG] Создана дуэль: {
                duel_id:    8, 
                creator_id: 1, 
                duel_data_id: 1,
                player_order: 0
            }
<16:17:18> [MSG] Подключение к дуэли duel_id:8 uid:2
<16:17:34> [WARN] Дуэль не найдена duel/methods.php[17]
<16:18:05> [WARN] Дуэль не найдена duel/methods.php[17]
<16:32:20> [MSG] Игрок uid:1 покинул duel_id:8
<16:32:23> [MSG] Удалена дуэль duel_id:8
<16:32:23> [MSG] Игрок uid:2 покинул duel_id:8
<16:45:18> [MSG] Создана дуэль: {
                duel_id:    9, 
                creator_id: 1, 
                duel_data_id: 1,
                player_order: 0
            }
<16:55:37> [MSG] Удалена дуэль duel_id:9
<16:55:37> [MSG] Игрок uid:1 покинул duel_id:9
<16:55:41> [MSG] Создана дуэль: {
                duel_id:    10, 
                creator_id: 1, 
                duel_data_id: 1,
                player_order: 0
            }
<16:55:44> [MSG] Удалена дуэль duel_id:10
<16:55:44> [MSG] Игрок uid:1 покинул duel_id:10
<16:55:47> [MSG] Создана дуэль: {
                duel_id:    11, 
                creator_id: 1, 
                duel_data_id: 1,
                player_order: 0
            }
<16:56:08> [MSG] Удалена дуэль duel_id:11
<16:56:08> [MSG] Игрок uid:1 покинул duel_id:11
<16:56:11> [MSG] Создана дуэль: {
                duel_id:    12, 
                creator_id: 1, 
                duel_data_id: 1,
                player_order: 0
            }
<16:56:24> [MSG] Подключение к дуэли duel_id:12 uid:2
<17:04:46> [MSG] Игрок uid:1 покинул duel_id:12
<17:04:52> [MSG] Удалена дуэль duel_id:12
<17:04:52> [MSG] Игрок uid:2 покинул duel_id:12
<17:06:16> [MSG] Создана дуэль: {
                duel_id:    13, 
                creator_id: 1, 
                duel_data_id: 1,
                player_order: 0
            }
<17:06:22> [MSG] Подключение к дуэли duel_id:13 uid:2
<17:06:36> [MSG] Игрок uid:2 покинул duel_id:13
<17:06:38> [MSG] Удалена дуэль duel_id:13
<17:06:38> [MSG] Игрок uid:1 покинул duel_id:13
<17:14:28> [MSG] Игрок uid:1 покинул duel_id:-1
<22:21:49> [WARN] Пользователь не авторизирован api/index.php[37]
