<17:03:03> [MSG] Создана дуэль: {
                duel_id:    14, 
                creator_id: 1, 
                duel_data_id: 1,
                player_order: 0
            }
<17:03:07> [MSG] Удалена дуэль duel_id:14
<17:03:07> [MSG] Игрок uid:1 покинул duel_id:14
<17:04:17> [MSG] Создана дуэль: {
                duel_id:    15, 
                creator_id: 1, 
                duel_data_id: 1,
                player_order: 0
            }
<17:04:23> [MSG] Удалена дуэль duel_id:15
<17:04:23> [MSG] Игрок uid:1 покинул duel_id:15
<17:04:38> [MSG] Создана дуэль: {
                duel_id:    16, 
                creator_id: 1, 
                duel_data_id: 1,
                player_order: 0
            }
<17:10:52> [DEBUG] Запущена sse слушатель дуэли [duel-listen.php]
<17:11:27> [MSG] Удалена дуэль duel_id:16
<17:11:27> [MSG] Игрок uid:1 покинул duel_id:16
<17:13:21> [MSG] ВЫХОД Пользователь "test@test.ru"
<17:14:21> [DIE] Попытка запуска duel-listen без авторизации
<17:14:26> [DIE] Попытка запуска duel-listen без авторизации
<17:14:31> [DIE] Попытка запуска duel-listen без авторизации
<17:14:36> [DIE] Попытка запуска duel-listen без авторизации
<17:14:41> [DIE] Попытка запуска duel-listen без авторизации
<17:14:46> [DIE] Попытка запуска duel-listen без авторизации
<17:14:51> [DIE] Попытка запуска duel-listen без авторизации
<17:14:56> [DIE] Попытка запуска duel-listen без авторизации
<17:15:01> [DIE] Попытка запуска duel-listen без авторизации
<17:15:06> [DIE] Попытка запуска duel-listen без авторизации
<17:15:11> [DIE] Попытка запуска duel-listen без авторизации
<17:15:16> [DIE] Попытка запуска duel-listen без авторизации
<17:15:21> [DIE] Попытка запуска duel-listen без авторизации
<17:15:26> [DIE] Попытка запуска duel-listen без авторизации
<17:16:16> [MSG] ВХОД Пользователь "test@test.ru"
<17:16:41> [MSG] ВЫХОД Пользователь "test@test.ru"
<17:21:09> [MSG] ВХОД Пользователь "test@test.ru"
<17:21:14> [MSG] ВЫХОД Пользователь "test@test.ru"
<17:21:22> [MSG] ВХОД Пользователь "test@test.ru"
<17:22:26> [MSG] ВЫХОД Пользователь "test@test.ru"
<18:03:48> [MSG] Создана дуэль: {
                duel_id:    17, 
                creator_id: 3, 
                duel_data_id: 4,
                player_order: 0
            }
<18:03:59> [MSG] Удалена дуэль duel_id:17
<18:03:59> [MSG] Игрок uid:3 покинул duel_id:17
<23:06:37> [MSG] ВХОД Пользователь "test@test.ru"
<23:06:50> [MSG] Создана дуэль: {
                duel_id:    18, 
                creator_id: 1, 
                duel_data_id: 1,
                player_order: 0
            }
<23:06:52> [MSG] Удалена дуэль duel_id:18
<23:06:52> [MSG] Игрок uid:1 покинул duel_id:18
<23:06:57> [MSG] ВЫХОД Пользователь "test@test.ru"
<23:22:56> [MSG] ВХОД Пользователь "nikitabar3@gmail.com"
<23:23:13> [MSG] ВЫХОД Пользователь "nikitabar3@gmail.com"
<23:30:47> [WARN] Пользователь не авторизирован api/index.php[37]
