<08:31:07> [MSG] ВХОД Пользователь "nikolay2009@mail.ru"
<08:32:43> [MSG] Подключение к дуэли duel_id:88 uid:7
<08:33:10> [MSG] Игрок uid:7 покинул duel_id:88
<08:34:18> [MSG] Некорректное расширение файла.<br> Поддерживается только PNG user/methods.php[54]
<08:34:35> [WARN] Не найден пользователь "test@test.ru" user/methods.php[22]
<08:34:42> [WARN] Некорректные данные auth/methods.php[44]
<08:34:47> [MSG] ВХОД Пользователь "admin@lucors.ru"
<08:35:22> [WARN] Ошибка получения данных соперника duel/methods.php[400]
<08:35:22> [WARN] Ошибка получения данных соперника card/daemon-support.php[21]
<08:35:23> [MSG] Создана дуэль: {
                duel_id:    89, 
                creator_id: 7, 
                duel_data_id: 3,
                player_order: 0
            }
<08:35:30> [MSG] Удалена дуэль duel_id:88
<08:35:30> [MSG] Игрок uid:1 покинул duel_id:88
<08:35:44> [MSG] Удалена дуэль duel_id:89
<08:35:44> [MSG] Игрок uid:7 покинул duel_id:89
<08:36:55> [MSG] Создана дуэль: {
                duel_id:    90, 
                creator_id: 7, 
                duel_data_id: 3,
                player_order: 0
            }
<08:36:59> [MSG] Удалена дуэль duel_id:90
<08:36:59> [MSG] Игрок uid:7 покинул duel_id:90
<08:37:09> [MSG] Создана дуэль: {
                duel_id:    91, 
                creator_id: 7, 
                duel_data_id: 3,
                player_order: 0
            }
<08:37:27> [MSG] Удалена дуэль duel_id:91
<08:37:27> [MSG] Игрок uid:7 покинул duel_id:91
<09:12:47> [MSG] Создана дуэль: {
                duel_id:    92, 
                creator_id: 1, 
                duel_data_id: 1,
                player_order: 0
            }
<09:12:51> [MSG] Удалена дуэль duel_id:92
<09:12:51> [MSG] Игрок uid:1 покинул duel_id:92
<09:13:07> [MSG] Создана дуэль: {
                duel_id:    93, 
                creator_id: 1, 
                duel_data_id: 1,
                player_order: 0
            }
<09:13:09> [MSG] Удалена дуэль duel_id:93
<09:13:09> [MSG] Игрок uid:1 покинул duel_id:93
<09:13:30> [MSG] Создана дуэль: {
                duel_id:    94, 
                creator_id: 1, 
                duel_data_id: 1,
                player_order: 0
            }
<09:13:32> [MSG] Удалена дуэль duel_id:94
<09:13:32> [MSG] Игрок uid:1 покинул duel_id:94
<09:13:40> [MSG] Создана дуэль: {
                duel_id:    95, 
                creator_id: 1, 
                duel_data_id: 1,
                player_order: 0
            }
<09:13:42> [MSG] Удалена дуэль duel_id:95
<09:13:42> [MSG] Игрок uid:1 покинул duel_id:95
