<23:29:08> [WARN] Некорректные данные auth/methods.php[44]
<23:29:12> [WARN] Некорректные данные auth/methods.php[44]
<23:29:17> [WARN] Некорректные данные auth/methods.php[44]
<23:29:19> [WARN] Некорректные данные auth/methods.php[44]
<23:29:24> [WARN] Некорректные данные auth/methods.php[44]
<23:30:06> [MSG] ВХОД Пользователь "admin@lucors.ru"
<23:31:17> [MSG] ВХОД Пользователь "admin@lucors.ru"
<23:31:19> [WARN] Некорректный формат email auth/methods.php[17]
<23:31:35> [WARN] Не найден пользователь "nikitagbar3@gmail.com" user/methods.php[22]
<23:31:47> [WARN] Не найден пользователь "nikitagus48@gmail.com" user/methods.php[22]
<23:31:47> [WARN] Не найден пользователь "nikitagus48@gmail.com" user/methods.php[22]
<23:31:58> [WARN] Не найден пользователь "aemu7@mail.ru" user/methods.php[22]
<23:31:58> [WARN] Не найден пользователь "aemu7@mail.ru" user/methods.php[22]
<23:31:59> [WARN] Не найден пользователь "aemu7@mail.ru" user/methods.php[22]
<23:31:59> [WARN] Не найден пользователь "aemu7@mail.ru" user/methods.php[22]
<23:31:59> [WARN] Не найден пользователь "aemu7@mail.ru" user/methods.php[22]
<23:32:28> [WARN] Некорректные данные auth/methods.php[44]
<23:32:30> [WARN] Некорректные данные auth/methods.php[44]
<23:32:41> [WARN] Некорректные данные auth/methods.php[44]
<23:32:45> [WARN] Некорректные данные auth/methods.php[44]
<23:32:54> [WARN] Некорректные данные auth/methods.php[44]
<23:33:00> [WARN] Некорректные данные auth/methods.php[44]
<23:33:08> [WARN] Некорректные данные auth/methods.php[44]
<23:33:16> [WARN] Некорректные данные auth/methods.php[44]
<23:33:23> [WARN] Некорректные данные auth/methods.php[44]
<23:33:36> [WARN] Некорректные данные auth/methods.php[44]
<23:33:38> [WARN] Некорректные данные auth/methods.php[44]
<23:33:47> [WARN] Некорректные данные auth/methods.php[44]
<23:33:49> [WARN] Некорректные данные auth/methods.php[44]
<23:33:51> [WARN] Некорректные данные auth/methods.php[44]
<23:34:21> [WARN] Ошибка регистрации auth/methods.php[100]
<23:34:24> [WARN] Ошибка регистрации auth/methods.php[100]
<23:34:32> [MSG] СОЗДАН Пользователь "nikitagus48@gmail.com"
<23:34:47> [MSG] ВЫХОД Пользователь "nikitagus48@gmail.com"
<23:34:57> [MSG] ВХОД Пользователь "nikitabar3@gmail.com"
<23:35:07> [MSG] Создана дуэль: {
                duel_id:    146, 
                creator_id: 1, 
                duel_data_id: 1,
                player_order: 0
            }
<23:35:09> [MSG] Удалена дуэль duel_id:146
<23:35:09> [MSG] Игрок uid:1 покинул duel_id:146
<23:35:34> [WARN] Некорректный формат email auth/methods.php[17]
<23:35:39> [WARN] Не найден пользователь "jekarws@gmail.com" user/methods.php[22]
<23:35:49> [MSG] ВХОД Пользователь "nikolay2009@mail.ru"
<23:36:00> [MSG] Создана дуэль: {
                duel_id:    147, 
                creator_id: 1, 
                duel_data_id: 1,
                player_order: 0
            }
<23:36:03> [MSG] Подключение к дуэли duel_id:147 uid:2
<23:36:18> [MSG] Создана дуэль: {
                duel_id:    148, 
                creator_id: 7, 
                duel_data_id: 3,
                player_order: 0
            }
<23:37:28> [MSG] Удалена дуэль duel_id:148
<23:37:28> [MSG] Игрок uid:7 покинул duel_id:148
<23:37:35> [MSG] Удалена дуэль duel_id:147
<23:37:35> [MSG] Игрок uid:1 покинул duel_id:147
<23:37:38> [MSG] Создана дуэль: {
                duel_id:    149, 
                creator_id: 1, 
                duel_data_id: 1,
                player_order: 0
            }
<23:37:44> [MSG] Подключение к дуэли duel_id:149 uid:7
<23:37:46> [MSG] Игрок uid:2 покинул duel_id:147
<23:37:50> [MSG] Создана дуэль: {
                duel_id:    150, 
                creator_id: 2, 
                duel_data_id: 10,
                player_order: 0
            }
<23:41:03> [MSG] Удалена дуэль duel_id:149
<23:41:03> [MSG] Игрок uid:1 покинул duel_id:149
<23:41:12> [MSG] Подключение к дуэли duel_id:150 uid:1
<23:41:30> [MSG] Игрок uid:7 покинул duel_id:149
<23:42:43> [MSG] Удалена дуэль duel_id:150
<23:42:43> [MSG] Игрок uid:1 покинул duel_id:150
<23:42:48> [MSG] Игрок uid:2 покинул duel_id:150
<23:42:51> [MSG] Создана дуэль: {
                duel_id:    151, 
                creator_id: 2, 
                duel_data_id: 10,
                player_order: 0
            }
<23:43:09> [MSG] ВЫХОД Пользователь "admin@lucors.ru"
<23:59:18> [MSG] Удалена дуэль duel_id:151
<23:59:18> [MSG] Игрок uid:2 покинул duel_id:151
