<14:45:33> [WARN] Некорректный формат email auth/methods.php[17]
<14:45:39> [WARN] Некорректные данные auth/methods.php[44]
<14:45:42> [MSG] ВХОД Пользователь "admin@lucors.ru"
<14:46:26> [MSG] Создана дуэль: {
                duel_id:    138, 
                creator_id: 1, 
                duel_data_id: 1,
                player_order: 0
            }
<14:46:34> [MSG] Удалена дуэль duel_id:138
<14:46:34> [MSG] Игрок uid:1 покинул duel_id:138
<14:46:40> [MSG] ВЫХОД Пользователь "admin@lucors.ru"
<14:47:10> [MSG] ВХОД Пользователь "admin@lucors.ru"
<14:47:25> [MSG] Создана дуэль: {
                duel_id:    139, 
                creator_id: 1, 
                duel_data_id: 1,
                player_order: 0
            }
<14:47:30> [MSG] Удалена дуэль duel_id:139
<14:47:30> [MSG] Игрок uid:1 покинул duel_id:139
<14:48:05> [MSG] ВЫХОД Пользователь "admin@lucors.ru"
<14:48:13> [WARN] Некорректный формат email auth/methods.php[17]
<14:48:17> [WARN] Некорректный формат email auth/methods.php[17]
<14:48:17> [WARN] Некорректный формат email auth/methods.php[17]
<14:48:18> [WARN] Некорректный формат email auth/methods.php[17]
<14:48:18> [WARN] Некорректный формат email auth/methods.php[17]
<14:48:18> [WARN] Некорректный формат email auth/methods.php[17]
<14:48:18> [WARN] Некорректный формат email auth/methods.php[17]
<14:48:18> [WARN] Некорректный формат email auth/methods.php[17]
<14:48:20> [WARN] Некорректный формат email auth/methods.php[17]
